C:\USERS\RITESH\DOCUMENTS\VISUAL STUDIO 2012\PROJECTS\HOMEWORK4\HOMEWORK4\DEBUG\EIG3.OBJ
C:\USERS\RITESH\DOCUMENTS\VISUAL STUDIO 2012\PROJECTS\HOMEWORK4\HOMEWORK4\DEBUG\ICVECTOR.OBJ
C:\USERS\RITESH\DOCUMENTS\VISUAL STUDIO 2012\PROJECTS\HOMEWORK4\HOMEWORK4\DEBUG\LEARNPLY.OBJ
C:\USERS\RITESH\DOCUMENTS\VISUAL STUDIO 2012\PROJECTS\HOMEWORK4\HOMEWORK4\DEBUG\PLY.OBJ
C:\USERS\RITESH\DOCUMENTS\VISUAL STUDIO 2012\PROJECTS\HOMEWORK4\HOMEWORK4\DEBUG\TMATRIX.OBJ
C:\USERS\RITESH\DOCUMENTS\VISUAL STUDIO 2012\PROJECTS\HOMEWORK4\HOMEWORK4\DEBUG\TRACKBALL.OBJ
C:\USERS\RITESH\DOCUMENTS\VISUAL STUDIO 2012\PROJECTS\HOMEWORK4\HOMEWORK4\DEBUG\VC110.PDB
C:\USERS\RITESH\DOCUMENTS\VISUAL STUDIO 2012\PROJECTS\HOMEWORK4\DEBUG\HOMEWORK4.ILK
C:\USERS\RITESH\DOCUMENTS\VISUAL STUDIO 2012\PROJECTS\HOMEWORK4\DEBUG\HOMEWORK4.EXE
C:\USERS\RITESH\DOCUMENTS\VISUAL STUDIO 2012\PROJECTS\HOMEWORK4\DEBUG\HOMEWORK4.PDB
c:\Users\Ritesh\documents\visual studio 2012\Projects\Homework4\Homework4\Debug\eig3.obj
c:\Users\Ritesh\documents\visual studio 2012\Projects\Homework4\Homework4\Debug\icVector.obj
c:\Users\Ritesh\documents\visual studio 2012\Projects\Homework4\Homework4\Debug\learnply.obj
c:\Users\Ritesh\documents\visual studio 2012\Projects\Homework4\Homework4\Debug\ply.obj
c:\Users\Ritesh\documents\visual studio 2012\Projects\Homework4\Homework4\Debug\tmatrix.obj
c:\Users\Ritesh\documents\visual studio 2012\Projects\Homework4\Homework4\Debug\trackball.obj
c:\Users\Ritesh\documents\visual studio 2012\Projects\Homework4\Homework4\Debug\cl.command.1.tlog
c:\Users\Ritesh\documents\visual studio 2012\Projects\Homework4\Homework4\Debug\CL.read.1.tlog
c:\Users\Ritesh\documents\visual studio 2012\Projects\Homework4\Homework4\Debug\CL.write.1.tlog
c:\Users\Ritesh\documents\visual studio 2012\Projects\Homework4\Homework4\Debug\link-cvtres.read.1.tlog
c:\Users\Ritesh\documents\visual studio 2012\Projects\Homework4\Homework4\Debug\link-cvtres.write.1.tlog
c:\Users\Ritesh\documents\visual studio 2012\Projects\Homework4\Homework4\Debug\link-rc.read.1.tlog
c:\Users\Ritesh\documents\visual studio 2012\Projects\Homework4\Homework4\Debug\link-rc.write.1.tlog
c:\Users\Ritesh\documents\visual studio 2012\Projects\Homework4\Homework4\Debug\link.1640-cvtres.read.1.tlog
c:\Users\Ritesh\documents\visual studio 2012\Projects\Homework4\Homework4\Debug\link.1640-cvtres.write.1.tlog
c:\Users\Ritesh\documents\visual studio 2012\Projects\Homework4\Homework4\Debug\link.1640-rc.read.1.tlog
c:\Users\Ritesh\documents\visual studio 2012\Projects\Homework4\Homework4\Debug\link.1640-rc.write.1.tlog
c:\Users\Ritesh\documents\visual studio 2012\Projects\Homework4\Homework4\Debug\link.1640.read.1.tlog
c:\Users\Ritesh\documents\visual studio 2012\Projects\Homework4\Homework4\Debug\link.1640.write.1.tlog
c:\Users\Ritesh\documents\visual studio 2012\Projects\Homework4\Homework4\Debug\link.command.1.tlog
c:\Users\Ritesh\documents\visual studio 2012\Projects\Homework4\Homework4\Debug\link.read.1.tlog
c:\Users\Ritesh\documents\visual studio 2012\Projects\Homework4\Homework4\Debug\link.read.2.tlog
c:\Users\Ritesh\documents\visual studio 2012\Projects\Homework4\Homework4\Debug\link.write.1.tlog
c:\Users\Ritesh\documents\visual studio 2012\Projects\Homework4\Homework4\Debug\vc110.idb
c:\Users\Ritesh\documents\visual studio 2012\Projects\Homework4\Homework4\Debug\vc110.pdb
c:\users\ritesh\documents\visual studio 2012\Projects\Homework4\Debug\Homework4.pdb
c:\users\ritesh\documents\visual studio 2012\Projects\Homework4\Debug\Homework4.exe
c:\users\ritesh\documents\visual studio 2012\Projects\Homework4\Debug\Homework4.ilk
