Build started 10/9/2014 5:23:46 PM.
     1>Project "c:\Users\Ritesh\documents\visual studio 2012\Projects\Homework1\Homework1\Homework1.vcxproj" on node 2 (Build target(s)).
     1>ClCompile:
         C:\Program Files (x86)\Microsoft Visual Studio 11.0\VC\bin\CL.exe /c /I"C:\Users\Ritesh\Documents\Visual Studio 2012\Projects\Homework1\Opengl\include" /Zi /nologo /W3 /WX- /O2 /Oi /Oy- /GL /D WIN32 /D NDEBUG /D _CONSOLE /D _CRT_SECURE_NO_WARNINGS /D _UNICODE /D UNICODE /Gm- /EHsc /MD /GS /Gy /fp:precise /Zc:wchar_t /Zc:forScope /Fo"Release\\" /Fd"Release\vc110.pdb" /Gd /TP /analyze- /errorReport:prompt icVector.cpp learnply.cpp ply.cpp tmatrix.cpp trackball.cpp
         icVector.cpp
         learnply.cpp
     1>learnply.cpp(838): warning C4018: '<' : signed/unsigned mismatch
     1>learnply.cpp(882): warning C4018: '<' : signed/unsigned mismatch
     1>learnply.cpp(899): warning C4018: '<' : signed/unsigned mismatch
     1>learnply.cpp(908): warning C4018: '<' : signed/unsigned mismatch
     1>learnply.cpp(1130): warning C4305: 'initializing' : truncation from 'double' to 'GLfloat'
     1>learnply.cpp(1131): warning C4305: 'initializing' : truncation from 'double' to 'GLfloat'
     1>learnply.cpp(1164): warning C4305: '=' : truncation from 'double' to 'GLfloat'
     1>learnply.cpp(1218): warning C4018: '<' : signed/unsigned mismatch
     1>learnply.cpp(1318): warning C4018: '<' : signed/unsigned mismatch
     1>learnply.cpp(1350): warning C4018: '<' : signed/unsigned mismatch
         ply.cpp
     1>ply.cpp(175): warning C4996: 'strdup': The POSIX name for this item is deprecated. Instead, use the ISO C++ conformant name: _strdup. See online help for details.
                 C:\Program Files (x86)\Microsoft Visual Studio 11.0\VC\include\string.h(241) : see declaration of 'strdup'
     1>ply.cpp(207): warning C4101: 'elem' : unreferenced local variable
     1>ply.cpp(205): warning C4101: 'i' : unreferenced local variable
     1>ply.cpp(350): warning C4101: 'i' : unreferenced local variable
     1>ply.cpp(352): warning C4101: 'prop' : unreferenced local variable
     1>ply.cpp(476): warning C4101: 'i' : unreferenced local variable
     1>ply.cpp(672): warning C4244: '=' : conversion from 'double' to 'float', possible loss of data
     1>ply.cpp(707): warning C4996: 'strdup': The POSIX name for this item is deprecated. Instead, use the ISO C++ conformant name: _strdup. See online help for details.
                 C:\Program Files (x86)\Microsoft Visual Studio 11.0\VC\include\string.h(241) : see declaration of 'strdup'
     1>ply.cpp(1080): warning C4996: 'strdup': The POSIX name for this item is deprecated. Instead, use the ISO C++ conformant name: _strdup. See online help for details.
                 C:\Program Files (x86)\Microsoft Visual Studio 11.0\VC\include\string.h(241) : see declaration of 'strdup'
     1>ply.cpp(1206): warning C4996: 'strdup': The POSIX name for this item is deprecated. Instead, use the ISO C++ conformant name: _strdup. See online help for details.
                 C:\Program Files (x86)\Microsoft Visual Studio 11.0\VC\include\string.h(241) : see declaration of 'strdup'
     1>ply.cpp(1321): warning C4101: 'i' : unreferenced local variable
     1>ply.cpp(1528): warning C4996: 'strdup': The POSIX name for this item is deprecated. Instead, use the ISO C++ conformant name: _strdup. See online help for details.
                 C:\Program Files (x86)\Microsoft Visual Studio 11.0\VC\include\string.h(241) : see declaration of 'strdup'
     1>ply.cpp(1427): warning C4101: 'i' : unreferenced local variable
     1>ply.cpp(1562): warning C4101: 'i' : unreferenced local variable
     1>ply.cpp(1714): warning C4101: 'i' : unreferenced local variable
     1>ply.cpp(1714): warning C4101: 'j' : unreferenced local variable
     1>ply.cpp(1926): warning C4244: '=' : conversion from 'double' to 'float', possible loss of data
     1>ply.cpp(2035): warning C4244: '=' : conversion from 'double' to 'int', possible loss of data
     1>ply.cpp(2036): warning C4244: '=' : conversion from 'double' to 'unsigned int', possible loss of data
     1>ply.cpp(2040): warning C4244: '=' : conversion from 'double' to 'int', possible loss of data
     1>ply.cpp(2041): warning C4244: '=' : conversion from 'double' to 'unsigned int', possible loss of data
     1>ply.cpp(2117): warning C4244: '=' : conversion from 'double' to 'int', possible loss of data
     1>ply.cpp(2118): warning C4244: '=' : conversion from 'double' to 'unsigned int', possible loss of data
     1>ply.cpp(2123): warning C4244: '=' : conversion from 'double' to 'int', possible loss of data
     1>ply.cpp(2124): warning C4244: '=' : conversion from 'double' to 'unsigned int', possible loss of data
     1>ply.cpp(2242): warning C4244: '=' : conversion from 'double' to 'float', possible loss of data
     1>ply.cpp(2270): warning C4996: 'strdup': The POSIX name for this item is deprecated. Instead, use the ISO C++ conformant name: _strdup. See online help for details.
                 C:\Program Files (x86)\Microsoft Visual Studio 11.0\VC\include\string.h(241) : see declaration of 'strdup'
     1>ply.cpp(2339): warning C4996: 'strdup': The POSIX name for this item is deprecated. Instead, use the ISO C++ conformant name: _strdup. See online help for details.
                 C:\Program Files (x86)\Microsoft Visual Studio 11.0\VC\include\string.h(241) : see declaration of 'strdup'
     1>ply.cpp(2345): warning C4996: 'strdup': The POSIX name for this item is deprecated. Instead, use the ISO C++ conformant name: _strdup. See online help for details.
                 C:\Program Files (x86)\Microsoft Visual Studio 11.0\VC\include\string.h(241) : see declaration of 'strdup'
     1>ply.cpp(2350): warning C4996: 'strdup': The POSIX name for this item is deprecated. Instead, use the ISO C++ conformant name: _strdup. See online help for details.
                 C:\Program Files (x86)\Microsoft Visual Studio 11.0\VC\include\string.h(241) : see declaration of 'strdup'
     1>ply.cpp(2328): warning C4101: 'count_type' : unreferenced local variable
     1>ply.cpp(2327): warning C4101: 'prop_type' : unreferenced local variable
     1>ply.cpp(2417): warning C4996: 'strdup': The POSIX name for this item is deprecated. Instead, use the ISO C++ conformant name: _strdup. See online help for details.
                 C:\Program Files (x86)\Microsoft Visual Studio 11.0\VC\include\string.h(241) : see declaration of 'strdup'
     1>ply.cpp(2531): warning C4996: 'strdup': The POSIX name for this item is deprecated. Instead, use the ISO C++ conformant name: _strdup. See online help for details.
                 C:\Program Files (x86)\Microsoft Visual Studio 11.0\VC\include\string.h(241) : see declaration of 'strdup'
     1>ply.cpp(2557): warning C4996: 'strdup': The POSIX name for this item is deprecated. Instead, use the ISO C++ conformant name: _strdup. See online help for details.
                 C:\Program Files (x86)\Microsoft Visual Studio 11.0\VC\include\string.h(241) : see declaration of 'strdup'
     1>ply.cpp(2597): warning C4996: 'strdup': The POSIX name for this item is deprecated. Instead, use the ISO C++ conformant name: _strdup. See online help for details.
                 C:\Program Files (x86)\Microsoft Visual Studio 11.0\VC\include\string.h(241) : see declaration of 'strdup'
     1>ply.cpp(2776): warning C4101: 'i' : unreferenced local variable
     1>ply.cpp(2778): warning C4101: 'prop' : unreferenced local variable
     1>ply.cpp(3061): warning C4101: 'count' : unreferenced local variable
     1>ply.cpp(3060): warning C4101: 'i' : unreferenced local variable
     1>ply.cpp(3270): warning C4996: 'strdup': The POSIX name for this item is deprecated. Instead, use the ISO C++ conformant name: _strdup. See online help for details.
                 C:\Program Files (x86)\Microsoft Visual Studio 11.0\VC\include\string.h(241) : see declaration of 'strdup'
         tmatrix.cpp
     1>tmatrix.cpp(165): warning C4244: '=' : conversion from 'double' to 'float', possible loss of data
     1>tmatrix.cpp(166): warning C4244: '=' : conversion from 'double' to 'float', possible loss of data
     1>tmatrix.cpp(167): warning C4244: '=' : conversion from 'double' to 'float', possible loss of data
     1>tmatrix.cpp(168): warning C4244: '=' : conversion from 'double' to 'float', possible loss of data
         trackball.cpp
     1>trackball.cpp(110): warning C4244: '=' : conversion from 'double' to 'float', possible loss of data
     1>trackball.cpp(111): warning C4244: '=' : conversion from 'double' to 'float', possible loss of data
     1>trackball.cpp(125): warning C4244: '=' : conversion from 'double' to 'float', possible loss of data
     1>trackball.cpp(126): warning C4244: '=' : conversion from 'double' to 'float', possible loss of data
     1>trackball.cpp(187): warning C4244: 'argument' : conversion from 'double' to 'float', possible loss of data
     1>trackball.cpp(233): warning C4244: 'argument' : conversion from 'double' to 'float', possible loss of data
     1>trackball.cpp(354): warning C4244: '=' : conversion from 'double' to 'float', possible loss of data
     1>trackball.cpp(406): warning C4305: 'argument' : truncation from 'double' to 'float'
     1>trackball.cpp(407): warning C4305: 'argument' : truncation from 'double' to 'float'
     1>trackball.cpp(418): warning C4244: '=' : conversion from 'double' to 'float', possible loss of data
     1>trackball.cpp(424): warning C4244: '=' : conversion from 'double' to 'float', possible loss of data
     1>trackball.cpp(437): warning C4244: 'argument' : conversion from 'double' to 'float', possible loss of data
     1>trackball.cpp(438): warning C4244: '=' : conversion from 'double' to 'float', possible loss of data
     1>trackball.cpp(455): warning C4244: '=' : conversion from 'double' to 'float', possible loss of data
     1>trackball.cpp(478): warning C4101: 'i' : unreferenced local variable
     1>trackball.cpp(536): warning C4244: '=' : conversion from 'double' to 'float', possible loss of data
     1>trackball.cpp(537): warning C4244: '=' : conversion from 'double' to 'float', possible loss of data
     1>trackball.cpp(538): warning C4244: '=' : conversion from 'double' to 'float', possible loss of data
     1>trackball.cpp(541): warning C4244: '=' : conversion from 'double' to 'float', possible loss of data
     1>trackball.cpp(542): warning C4244: '=' : conversion from 'double' to 'float', possible loss of data
     1>trackball.cpp(543): warning C4244: '=' : conversion from 'double' to 'float', possible loss of data
     1>trackball.cpp(546): warning C4244: '=' : conversion from 'double' to 'float', possible loss of data
     1>trackball.cpp(547): warning C4244: '=' : conversion from 'double' to 'float', possible loss of data
     1>trackball.cpp(548): warning C4244: '=' : conversion from 'double' to 'float', possible loss of data
       Link:
         C:\Program Files (x86)\Microsoft Visual Studio 11.0\VC\bin\link.exe /ERRORREPORT:PROMPT /OUT:"c:\users\ritesh\documents\visual studio 2012\Projects\Homework1\Release\Homework1.exe" /INCREMENTAL:NO /NOLOGO /LIBPATH:"C:\Users\Ritesh\Documents\Visual Studio 2012\Projects\Homework1\Opengl\lib" opengl32.lib glu32.lib glut32.lib kernel32.lib user32.lib gdi32.lib winspool.lib comdlg32.lib advapi32.lib shell32.lib ole32.lib oleaut32.lib uuid.lib odbc32.lib odbccp32.lib /MANIFEST /MANIFESTUAC:"level='asInvoker' uiAccess='false'" /manifest:embed /DEBUG /PDB:"c:\users\ritesh\documents\visual studio 2012\Projects\Homework1\Release\Homework1.pdb" /SUBSYSTEM:CONSOLE /OPT:REF /OPT:ICF /LTCG /TLBID:1 /DYNAMICBASE /NXCOMPAT /IMPLIB:"c:\users\ritesh\documents\visual studio 2012\Projects\Homework1\Release\Homework1.lib" /MACHINE:X86 /SAFESEH Release\icVector.obj
         Release\learnply.obj
         Release\ply.obj
         Release\tmatrix.obj
         Release\trackball.obj
         Generating code
         Finished generating code
     1>opengl32.lib(OPENGL32.dll) : error LNK2026: module unsafe for SAFESEH image.
     1>opengl32.lib(OPENGL32.dll) : error LNK2026: module unsafe for SAFESEH image.
     1>opengl32.lib(OPENGL32.dll) : error LNK2026: module unsafe for SAFESEH image.
     1>opengl32.lib(OPENGL32.dll) : error LNK2026: module unsafe for SAFESEH image.
     1>opengl32.lib(OPENGL32.dll) : error LNK2026: module unsafe for SAFESEH image.
     1>opengl32.lib(OPENGL32.dll) : error LNK2026: module unsafe for SAFESEH image.
     1>opengl32.lib(OPENGL32.dll) : error LNK2026: module unsafe for SAFESEH image.
     1>opengl32.lib(OPENGL32.dll) : error LNK2026: module unsafe for SAFESEH image.
     1>opengl32.lib(OPENGL32.dll) : error LNK2026: module unsafe for SAFESEH image.
     1>opengl32.lib(OPENGL32.dll) : error LNK2026: module unsafe for SAFESEH image.
     1>opengl32.lib(OPENGL32.dll) : error LNK2026: module unsafe for SAFESEH image.
     1>opengl32.lib(OPENGL32.dll) : error LNK2026: module unsafe for SAFESEH image.
     1>opengl32.lib(OPENGL32.dll) : error LNK2026: module unsafe for SAFESEH image.
     1>opengl32.lib(OPENGL32.dll) : error LNK2026: module unsafe for SAFESEH image.
     1>opengl32.lib(OPENGL32.dll) : error LNK2026: module unsafe for SAFESEH image.
     1>opengl32.lib(OPENGL32.dll) : error LNK2026: module unsafe for SAFESEH image.
     1>opengl32.lib(OPENGL32.dll) : error LNK2026: module unsafe for SAFESEH image.
     1>opengl32.lib(OPENGL32.dll) : error LNK2026: module unsafe for SAFESEH image.
     1>opengl32.lib(OPENGL32.dll) : error LNK2026: module unsafe for SAFESEH image.
     1>opengl32.lib(OPENGL32.dll) : error LNK2026: module unsafe for SAFESEH image.
     1>opengl32.lib(OPENGL32.dll) : error LNK2026: module unsafe for SAFESEH image.
     1>opengl32.lib(OPENGL32.dll) : error LNK2026: module unsafe for SAFESEH image.
     1>opengl32.lib(OPENGL32.dll) : error LNK2026: module unsafe for SAFESEH image.
     1>opengl32.lib(OPENGL32.dll) : error LNK2026: module unsafe for SAFESEH image.
     1>opengl32.lib(OPENGL32.dll) : error LNK2026: module unsafe for SAFESEH image.
     1>opengl32.lib(OPENGL32.dll) : error LNK2026: module unsafe for SAFESEH image.
     1>opengl32.lib(OPENGL32.dll) : error LNK2026: module unsafe for SAFESEH image.
     1>opengl32.lib(OPENGL32.dll) : error LNK2026: module unsafe for SAFESEH image.
     1>opengl32.lib(OPENGL32.dll) : error LNK2026: module unsafe for SAFESEH image.
     1>opengl32.lib(OPENGL32.dll) : error LNK2026: module unsafe for SAFESEH image.
     1>opengl32.lib(OPENGL32.dll) : error LNK2026: module unsafe for SAFESEH image.
     1>opengl32.lib(OPENGL32.dll) : error LNK2026: module unsafe for SAFESEH image.
     1>opengl32.lib(OPENGL32.dll) : error LNK2026: module unsafe for SAFESEH image.
     1>opengl32.lib(OPENGL32.dll) : error LNK2026: module unsafe for SAFESEH image.
     1>glu32.lib(GLU32.dll) : error LNK2026: module unsafe for SAFESEH image.
     1>glu32.lib(GLU32.dll) : error LNK2026: module unsafe for SAFESEH image.
     1>glut32.lib(glut32.dll) : error LNK2026: module unsafe for SAFESEH image.
     1>glut32.lib(glut32.dll) : error LNK2026: module unsafe for SAFESEH image.
     1>glut32.lib(glut32.dll) : error LNK2026: module unsafe for SAFESEH image.
     1>glut32.lib(glut32.dll) : error LNK2026: module unsafe for SAFESEH image.
     1>glut32.lib(glut32.dll) : error LNK2026: module unsafe for SAFESEH image.
     1>glut32.lib(glut32.dll) : error LNK2026: module unsafe for SAFESEH image.
     1>glut32.lib(glut32.dll) : error LNK2026: module unsafe for SAFESEH image.
     1>glut32.lib(glut32.dll) : error LNK2026: module unsafe for SAFESEH image.
     1>glut32.lib(glut32.dll) : error LNK2026: module unsafe for SAFESEH image.
     1>glut32.lib(glut32.dll) : error LNK2026: module unsafe for SAFESEH image.
     1>glut32.lib(glut32.dll) : error LNK2026: module unsafe for SAFESEH image.
     1>c:\users\ritesh\documents\visual studio 2012\Projects\Homework1\Release\Homework1.exe : fatal error LNK1281: Unable to generate SAFESEH image.
     1>Done Building Project "c:\Users\Ritesh\documents\visual studio 2012\Projects\Homework1\Homework1\Homework1.vcxproj" (Build target(s)) -- FAILED.

Build FAILED.

Time Elapsed 00:00:01.32
